<?xml version="1.0" encoding="UTF-8"?>
<!-- Generated by org.testng.reporters.JUnitXMLReporter -->
<testsuite ignored="0" hostname="LMCTag008" failures="0" tests="2" name="FirefoxTest" time="35.184" errors="0" timestamp="2022-03-21T03:15:53 PDT">
  <testcase classname="com.mystore.testcases.IndexPageTest" name="@BeforeMethod setup" time="35.13">
    <failure type="io.github.bonigarcia.wdm.WebDriverManagerException" message="java.net.UnknownHostException: This is usually a temporary error during hostname resolution and means that the local server did not receive a response from an authoritative server (npm.taobao.org)">
      <![CDATA[io.github.bonigarcia.wdm.WebDriverManagerException: java.net.UnknownHostException: This is usually a temporary error during hostname resolution and means that the local server did not receive a response from an authoritative server (npm.taobao.org)
at io.github.bonigarcia.wdm.WebDriverManager.handleException(WebDriverManager.java:723)
at io.github.bonigarcia.wdm.WebDriverManager.manage(WebDriverManager.java:548)
at io.github.bonigarcia.wdm.WebDriverManager.handleException(WebDriverManager.java:720)
at io.github.bonigarcia.wdm.WebDriverManager.manage(WebDriverManager.java:548)
at io.github.bonigarcia.wdm.WebDriverManager.setup(WebDriverManager.java:260)
at com.mystore.base.BaseClass.launchApp(BaseClass.java:71)
at com.mystore.testcases.IndexPageTest.setup(IndexPageTest.java:20)
at java.base/java.util.ArrayList.forEach(ArrayList.java:1511)
Caused by: java.net.UnknownHostException: This is usually a temporary error during hostname resolution and means that the local server did not receive a response from an authoritative server (npm.taobao.org)
at java.base/java.net.Inet6AddressImpl.lookupAllHostAddr(Native Method)
at java.base/java.net.InetAddress$PlatformNameService.lookupAllHostAddr(InetAddress.java:933)
at java.base/java.net.InetAddress.getAddressesFromNameService(InetAddress.java:1519)
at java.base/java.net.InetAddress$NameServiceAddresses.get(InetAddress.java:852)
at java.base/java.net.InetAddress.getAllByName0(InetAddress.java:1509)
at java.base/java.net.InetAddress.getAllByName(InetAddress.java:1367)
at java.base/java.net.InetAddress.getAllByName(InetAddress.java:1301)
at org.apache.http.impl.conn.SystemDefaultDnsResolver.resolve(SystemDefaultDnsResolver.java:45)
at org.apache.http.impl.conn.DefaultHttpClientConnectionOperator.connect(DefaultHttpClientConnectionOperator.java:112)
at org.apache.http.impl.conn.PoolingHttpClientConnectionManager.connect(PoolingHttpClientConnectionManager.java:373)
at org.apache.http.impl.execchain.MainClientExec.establishRoute(MainClientExec.java:394)
at org.apache.http.impl.execchain.MainClientExec.execute(MainClientExec.java:237)
at org.apache.http.impl.execchain.ProtocolExec.execute(ProtocolExec.java:185)
at org.apache.http.impl.execchain.RetryExec.execute(RetryExec.java:89)
at org.apache.http.impl.execchain.RedirectExec.execute(RedirectExec.java:110)
at org.apache.http.impl.client.InternalHttpClient.doExecute(InternalHttpClient.java:185)
at org.apache.http.impl.client.CloseableHttpClient.execute(CloseableHttpClient.java:83)
at org.apache.http.impl.client.CloseableHttpClient.execute(CloseableHttpClient.java:108)
at io.github.bonigarcia.wdm.HttpClient.execute(HttpClient.java:159)
at io.github.bonigarcia.wdm.WebDriverManager.getDriversFromMirror(WebDriverManager.java:991)
at io.github.bonigarcia.wdm.WebDriverManager.getDriversFromGitHub(WebDriverManager.java:1080)
at io.github.bonigarcia.wdm.FirefoxDriverManager.getDrivers(FirefoxDriverManager.java:76)
at io.github.bonigarcia.wdm.WebDriverManager.filterCandidateUrls(WebDriverManager.java:739)
at io.github.bonigarcia.wdm.WebDriverManager.manage(WebDriverManager.java:534)
... 37 more
... Removed 31 stack frames]]>
    </failure>
  </testcase> <!-- @BeforeMethod setup -->
  <testcase classname="com.mystore.testcases.IndexPageTest" name="@AfterMethod tearDown" time="-1.647857753277E9">
    <skipped/>
  </testcase> <!-- @AfterMethod tearDown -->
  <testcase classname="com.mystore.testcases.IndexPageTest" name="@BeforeMethod setup" time="-1.647857753286E9">
    <skipped/>
  </testcase> <!-- @BeforeMethod setup -->
  <testcase classname="com.mystore.testcases.IndexPageTest" name="@AfterMethod tearDown" time="-1.6478577533E9">
    <skipped/>
  </testcase> <!-- @AfterMethod tearDown -->
  <testcase classname="com.mystore.testcases.IndexPageTest" name="verifyLogo" time="0.0">
    <skipped/>
  </testcase> <!-- verifyLogo -->
  <testcase classname="com.mystore.testcases.IndexPageTest" name="verifyTitle" time="0.0">
    <skipped/>
  </testcase> <!-- verifyTitle -->
</testsuite> <!-- FirefoxTest -->
